> Task :app:checkKotlinGradlePluginConfigurationErrors
> Task :app:preBuild UP-TO-DATE
> Task :app:preDebugBuild UP-TO-DATE
> Task :app:generateDebugBuildConfig UP-TO-DATE
> Task :app:checkDebugAarMetadata UP-TO-DATE
> Task :app:generateDebugResValues UP-TO-DATE
> Task :app:mapDebugSourceSetPaths UP-TO-DATE
> Task :app:generateDebugResources UP-TO-DATE
> Task :app:mergeDebugResources UP-TO-DATE
> Task :app:packageDebugResources UP-TO-DATE
> Task :app:parseDebugLocalResources UP-TO-DATE
> Task :app:createDebugCompatibleScreenManifests UP-TO-DATE
> Task :app:extractDeepLinksDebug UP-TO-DATE
> Task :app:processDebugMainManifest UP-TO-DATE
> Task :app:processDebugManifest UP-TO-DATE
> Task :app:processDebugManifestForPackage UP-TO-DATE
> Task :app:processDebugResources UP-TO-DATE
> Task :app:kspDebugKotlin UP-TO-DATE

> Task :app:compileDebugKotlin FAILED
.\gradlew : e: file:///D:/Prog
ramData/paperless_meeting/andr
oid/app/src/main/java/com/exam
ple/paperlessmeeting/ui/screen
s/dashboard/DashboardScreen.kt
:278:31 Unresolved reference: 
onCheckInClick
所在位置 行:1 字符: 1
+ .\gradlew compileDebugKotlin
 > out.txt 2>&1; Select-String
 -Pattern " ...
+ ~~~~~~~~~~~~~~~~~~~~~~~~~~~~
~~~~~~~~~~~~~~~
    + CategoryInfo          : 
    NotSpecified: (e: file:/  
  //D:/P... onCheckInClick:   
 String) [], RemoteExcepti    
on
    + FullyQualifiedErrorId : 
    NativeCommandError
 

FAILURE: Build failed with an 
exception.

* What went wrong:
Execution failed for task ':ap
p:compileDebugKotlin'.
> A failure occurred while exe
cuting org.jetbrains.kotlin.co
mpilerRunner.GradleCompilerRun
nerWithWorkers$GradleKotlinCom
pilerWorkAction
   > Compilation error. See lo
g for more details

* Try:
> Run with --stacktrace option
 to get the stack trace.
> Run with --info or --debug o
ption to get more log output.
> Run with --scan to get full 
insights.
> Get more help at https://hel
p.gradle.org.

BUILD FAILED in 5s
17 actionable tasks: 2 executed, 15 up-to-date
